<?xml version="1.0" encoding="UTF-8"?>
<!-- Generated by org.testng.reporters.JUnitXMLReporter -->
<testsuite ignored="2" hostname="Tech-LBI58" failures="0" tests="1" name="Default test" time="0.073" errors="0" timestamp="2024-12-14T16:41:55 IST">
  <testcase classname="Practise.Irctc" name="twodarray" time="0.019"/>
  <testcase classname="Practise.Irctc" name="nestedScroll" time="0.0">
    <ignored/>
  </testcase> <!-- nestedScroll -->
  <testcase classname="Practise.Irctc" name="webtable" time="0.0">
    <ignored/>
  </testcase> <!-- webtable -->
</testsuite> <!-- Default test -->
