<?xml version="1.0" encoding="UTF-8"?>
<!-- Generated by org.testng.reporters.JUnitXMLReporter -->
<testsuite ignored="6" hostname="Tech-LBI58" failures="0" tests="3" name="Test" time="0.08" errors="0" timestamp="2025-01-26T20:16:54 IST">
  <testcase classname="Annotations.ClassA" name="methodAC" time="0.011"/>
  <testcase classname="Annotations.ClassC" name="methodCA" time="0.001"/>
  <testcase classname="Annotations.ClassB" name="methodBB" time="0.001"/>
  <testcase classname="Annotations.ClassB" name="methodBA" time="0.0">
    <ignored/>
  </testcase> <!-- methodBA -->
  <testcase classname="Annotations.ClassC" name="methodCB" time="0.0">
    <ignored/>
  </testcase> <!-- methodCB -->
  <testcase classname="Annotations.ClassB" name="methodBC" time="0.0">
    <ignored/>
  </testcase> <!-- methodBC -->
  <testcase classname="Annotations.ClassA" name="methodAA" time="0.0">
    <ignored/>
  </testcase> <!-- methodAA -->
  <testcase classname="Annotations.ClassA" name="methodAB" time="0.0">
    <ignored/>
  </testcase> <!-- methodAB -->
  <testcase classname="Annotations.ClassC" name="methodCC" time="0.0">
    <ignored/>
  </testcase> <!-- methodCC -->
</testsuite> <!-- Test -->
