<?xml version="1.0" encoding="UTF-8"?>
<!-- Generated by org.testng.reporters.JUnitXMLReporter -->
<testsuite ignored="0" hostname="Tech-LBI58" failures="0" tests="3" name="Test" time="30.803" errors="0" timestamp="2024-11-12T14:55:37 IST">
  <testcase classname="SyncronizeTwoScript.SeleniumFirstScript" name="setup" time="9.82"/>
  <testcase classname="SyncronizeTwoScript.SeleniumFirstScript" name="testFirstScript" time="0.004"/>
  <testcase classname="SyncronizeTwoScript.SeleniumSecondScript" name="testSecondScript" time="10.142"/>
</testsuite> <!-- Test -->
