<?xml version="1.0" encoding="UTF-8"?>
<testng-results ignored="0" total="2" passed="2" failed="0" skipped="0">
  <reporter-output>
  </reporter-output>
  <suite started-at="2025-09-06T19:14:54 IST" name="Surefire suite" finished-at="2025-09-06T19:17:10 IST" duration-ms="136597">
    <groups>
    </groups>
    <test started-at="2025-09-06T19:14:54 IST" name="Surefire test" finished-at="2025-09-06T19:17:10 IST" duration-ms="136597">
      <class name="test.BookingFlowTest">
        <test-method signature="runBookingFlow()[pri:0, instance:test.BookingFlowTest@5d740a0f]" started-at="2025-09-06T19:14:54 IST" name="runBookingFlow" finished-at="2025-09-06T19:16:08 IST" duration-ms="73696" status="PASS">
          <reporter-output>
          </reporter-output>
        </test-method> <!-- runBookingFlow -->
        <test-method signature="runBookingFlow()[pri:0, instance:test.BookingFlowTest@5d740a0f]" started-at="2025-09-06T19:16:08 IST" name="runBookingFlow" finished-at="2025-09-06T19:17:10 IST" duration-ms="62858" status="PASS">
          <reporter-output>
          </reporter-output>
        </test-method> <!-- runBookingFlow -->
      </class> <!-- test.BookingFlowTest -->
    </test> <!-- Surefire test -->
  </suite> <!-- Surefire suite -->
</testng-results>
