<?xml version="1.0" encoding="UTF-8"?>
<testng-results ignored="0" total="1" passed="1" failed="0" skipped="0">
  <reporter-output>
  </reporter-output>
  <suite started-at="2025-09-15T14:54:13 IST" name="Surefire suite" finished-at="2025-09-15T14:55:50 IST" duration-ms="96598">
    <groups>
    </groups>
    <test started-at="2025-09-15T14:54:13 IST" name="Surefire test" finished-at="2025-09-15T14:55:50 IST" duration-ms="96598">
      <class name="test.BookingFlowTest">
        <test-method signature="runBookingFlow()[pri:0, instance:test.BookingFlowTest@2893de87]" started-at="2025-09-15T14:54:13 IST" name="runBookingFlow" finished-at="2025-09-15T14:55:50 IST" duration-ms="96559" status="PASS">
          <reporter-output>
          </reporter-output>
        </test-method> <!-- runBookingFlow -->
      </class> <!-- test.BookingFlowTest -->
    </test> <!-- Surefire test -->
  </suite> <!-- Surefire suite -->
</testng-results>
