<?xml version="1.0" encoding="UTF-8"?>
<testng-results ignored="0" total="1" passed="1" failed="0" skipped="0">
  <reporter-output>
  </reporter-output>
  <suite started-at="2025-02-17T15:51:28 IST" name="Default suite" finished-at="2025-02-17T15:52:44 IST" duration-ms="75807">
    <groups>
    </groups>
    <test started-at="2025-02-17T15:51:28 IST" name="Default test" finished-at="2025-02-17T15:52:44 IST" duration-ms="75807">
      <class name="HTWebsite.HTwebsiteFlow">
        <test-method is-config="true" signature="initialize()[pri:0, instance:HTWebsite.HTwebsiteFlow@55141def]" started-at="2025-02-17T15:51:28 IST" name="initialize" finished-at="2025-02-17T15:51:36 IST" duration-ms="7690" status="PASS">
          <reporter-output>
          </reporter-output>
        </test-method> <!-- initialize -->
        <test-method signature="NewUser()[pri:0, instance:HTWebsite.HTwebsiteFlow@55141def]" started-at="2025-02-17T15:51:36 IST" name="NewUser" description="New Customer Login and Booking Flow" finished-at="2025-02-17T15:52:43 IST" duration-ms="67361" status="PASS">
          <reporter-output>
          </reporter-output>
        </test-method> <!-- NewUser -->
        <test-method is-config="true" signature="cleanup()[pri:0, instance:HTWebsite.HTwebsiteFlow@55141def]" started-at="2025-02-17T15:52:43 IST" name="cleanup" finished-at="2025-02-17T15:52:44 IST" duration-ms="675" status="PASS">
          <reporter-output>
          </reporter-output>
        </test-method> <!-- cleanup -->
      </class> <!-- HTWebsite.HTwebsiteFlow -->
    </test> <!-- Default test -->
  </suite> <!-- Default suite -->
</testng-results>
