<?xml version="1.0" encoding="UTF-8"?>
<testng-results ignored="0" total="1" passed="1" failed="0" skipped="0">
  <reporter-output>
  </reporter-output>
  <suite started-at="2024-12-14T16:41:55 IST" name="Default suite" finished-at="2024-12-14T16:41:55 IST" duration-ms="73">
    <groups>
    </groups>
    <test started-at="2024-12-14T16:41:55 IST" name="Default test" finished-at="2024-12-14T16:41:55 IST" duration-ms="73">
      <class name="Practise.Irctc">
        <test-method signature="twodarray()[pri:0, instance:Practise.Irctc@2a4fb17b]" started-at="2024-12-14T16:41:55 IST" name="twodarray" finished-at="2024-12-14T16:41:55 IST" duration-ms="19" status="PASS">
          <reporter-output>
          </reporter-output>
        </test-method> <!-- twodarray -->
      </class> <!-- Practise.Irctc -->
    </test> <!-- Default test -->
  </suite> <!-- Default suite -->
</testng-results>
