<?xml version="1.0" encoding="UTF-8"?>
<!-- Generated by org.testng.reporters.JUnitReportReporter -->
<testsuite hostname="TECH-L00246" failures="0" tests="2" name="test.BookingFlowTest" time="136.554" errors="0" timestamp="2025-09-06T19:17:11 IST" skipped="0">
  <testcase classname="test.BookingFlowTest" name="runBookingFlow" time="62.858"/>
  <system-out/>
  <testcase classname="test.BookingFlowTest" name="runBookingFlow" time="73.696"/>
  <system-out/>
</testsuite> <!-- test.BookingFlowTest -->
